#
# There is insufficient memory for the Java Runtime Environment to continue.
# Native memory allocation (malloc) failed to allocate 1176336 bytes for Chunk::new
# Possible reasons:
#   The system is out of physical RAM or swap space
#   In 32 bit mode, the process size limit was hit
# Possible solutions:
#   Reduce memory load on the system
#   Increase physical memory or swap space
#   Check if swap backing store is full
#   Use 64 bit Java on a 64 bit OS
#   Decrease Java heap size (-Xmx/-Xms)
#   Decrease number of Java threads
#   Decrease Java thread stack sizes (-Xss)
#   Set larger code cache with -XX:ReservedCodeCacheSize=
# This output file may be truncated or incomplete.
#
#  Out of Memory Error (allocation.cpp:390), pid=864, tid=10468
#
# JRE version: Java(TM) SE Runtime Environment (8.0_45-b15) (build 1.8.0_45-b15)
# Java VM: Java HotSpot(TM) 64-Bit Server VM (25.45-b02 mixed mode windows-amd64 compressed oops)
# Failed to write core dump. Minidumps are not enabled by default on client versions of Windows
#

---------------  T H R E A D  ---------------

Current thread (0x0000000014a38800):  JavaThread "C2 CompilerThread1" daemon [_thread_in_native, id=10468, stack(0x0000000016050000,0x0000000016150000)]

Stack: [0x0000000016050000,0x0000000016150000]
Native frames: (J=compiled Java code, j=interpreted, Vv=VM code, C=native code)
V  [jvm.dll+0x32b57a]


Current CompileTask:
C2:  29992 1847   !   4       com.android.dx.cf.code.Ropper::processBlock (1101 bytes)


---------------  P R O C E S S  ---------------

Java Threads: ( => current thread )
  0x0000000016156000 JavaThread "Service Thread" daemon [_thread_blocked, id=3448, stack(0x0000000016650000,0x0000000016750000)]
  0x0000000016150800 JavaThread "C1 CompilerThread2" daemon [_thread_blocked, id=5072, stack(0x0000000016550000,0x0000000016650000)]
=>0x0000000014a38800 JavaThread "C2 CompilerThread1" daemon [_thread_in_native, id=10468, stack(0x0000000016050000,0x0000000016150000)]
  0x00000000149df800 JavaThread "C2 CompilerThread0" daemon [_thread_blocked, id=11572, stack(0x0000000015f50000,0x0000000016050000)]
  0x00000000149db800 JavaThread "Attach Listener" daemon [_thread_blocked, id=12228, stack(0x0000000015e50000,0x0000000015f50000)]
  0x00000000149da800 JavaThread "Signal Dispatcher" daemon [_thread_blocked, id=10908, stack(0x0000000015d50000,0x0000000015e50000)]
  0x0000000002207000 JavaThread "Finalizer" daemon [_thread_blocked, id=9516, stack(0x0000000015c50000,0x0000000015d50000)]
  0x00000000021fe000 JavaThread "Reference Handler" daemon [_thread_blocked, id=11816, stack(0x0000000015b50000,0x0000000015c50000)]
  0x0000000002110800 JavaThread "main" [_thread_in_Java, id=3924, stack(0x0000000001ff0000,0x00000000020f0000)]

Other Threads:
  0x00000000149a8000 VMThread [stack: 0x0000000015a50000,0x0000000015b50000] [id=96]
  0x0000000016157000 WatcherThread [stack: 0x0000000016750000,0x0000000016850000] [id=924]

VM state:not at safepoint (normal execution)

VM Mutex/Monitor currently owned by a thread: None

Heap:
 PSYoungGen      total 290304K, used 102304K [0x00000000eab00000, 0x00000000ff000000, 0x0000000100000000)
  eden space 261632K, 29% used [0x00000000eab00000,0x00000000ef5d3a60,0x00000000faa80000)
  from space 28672K, 89% used [0x00000000fcb00000,0x00000000fe414898,0x00000000fe700000)
  to   space 33280K, 0% used [0x00000000faa80000,0x00000000faa80000,0x00000000fcb00000)
 ParOldGen       total 87552K, used 45270K [0x00000000c0000000, 0x00000000c5580000, 0x00000000eab00000)
  object space 87552K, 51% used [0x00000000c0000000,0x00000000c2c35950,0x00000000c5580000)
 Metaspace       used 7008K, capacity 7736K, committed 7936K, reserved 1056768K
  class space    used 637K, capacity 688K, committed 768K, reserved 1048576K

Card table byte_map: [0x00000000116d0000,0x00000000118e0000] byte_map_base: 0x00000000110d0000

Marking Bits: (ParMarkBitMap*) 0x0000000077f74040
 Begin Bits: [0x0000000011e40000, 0x0000000012e40000)
 End Bits:   [0x0000000012e40000, 0x0000000013e40000)

Polling page: 0x0000000000870000

CodeCache: size=245760Kb used=14321Kb max_used=14332Kb free=231438Kb
 bounds [0x0000000002310000, 0x0000000003120000, 0x0000000011310000]
 total_blobs=3231 nmethods=2961 adapters=183
 compilation: enabled

Compilation events (10 events):
Event: 29.958 Thread 0x00000000149df800 nmethod 3218 0x0000000003112a10 code [0x0000000003112b60, 0x0000000003112bf8]
Event: 29.958 Thread 0x00000000149df800 3221       4       com.android.dx.dex.code.InsnFormat::opcodeUnit (54 bytes)
Event: 29.960 Thread 0x00000000149df800 nmethod 3221 0x0000000003112710 code [0x0000000003112840, 0x00000000031128f8]
Event: 29.960 Thread 0x00000000149df800 3215       4       com.android.dx.dex.code.DalvCode::getInsns (9 bytes)
Event: 29.967 Thread 0x00000000149df800 nmethod 3215 0x0000000003113f90 code [0x0000000003114100, 0x00000000031142d0]
Event: 29.982 Thread 0x00000000149df800 3264       4       com.android.dx.util.ByteArrayAnnotatedOutput::assertCursor (48 bytes)
Event: 29.982 Thread 0x00000000149df800 nmethod 3264 0x00000000031124d0 code [0x0000000003112600, 0x0000000003112678]
Event: 29.982 Thread 0x00000000149df800 3265   !   4       com.android.dx.dex.file.OffsettedItem::writeTo (72 bytes)
Event: 29.984 Thread 0x00000000149df800 nmethod 3265 0x0000000003113890 code [0x00000000031139e0, 0x0000000003113c58]
Event: 29.984 Thread 0x00000000149df800 3266       4       com.android.dx.util.ByteArrayAnnotatedOutput::writeByte (51 bytes)

GC Heap History (10 events):
Event: 7.689 GC heap before
{Heap before GC invocations=2 (full 0):
 PSYoungGen      total 38400K, used 38311K [0x00000000eab00000, 0x00000000ef600000, 0x0000000100000000)
  eden space 33280K, 100% used [0x00000000eab00000,0x00000000ecb80000,0x00000000ecb80000)
  from space 5120K, 98% used [0x00000000ecb80000,0x00000000ed069f90,0x00000000ed080000)
  to   space 5120K, 0% used [0x00000000ef100000,0x00000000ef100000,0x00000000ef600000)
 ParOldGen       total 87552K, used 16K [0x00000000c0000000, 0x00000000c5580000, 0x00000000eab00000)
  object space 87552K, 0% used [0x00000000c0000000,0x00000000c0004000,0x00000000c5580000)
 Metaspace       used 6109K, capacity 7024K, committed 7296K, reserved 1056768K
  class space    used 594K, capacity 616K, committed 640K, reserved 1048576K
Event: 7.886 GC heap after
Heap after GC invocations=2 (full 0):
 PSYoungGen      total 71680K, used 5118K [0x00000000eab00000, 0x00000000ef600000, 0x0000000100000000)
  eden space 66560K, 0% used [0x00000000eab00000,0x00000000eab00000,0x00000000eec00000)
  from space 5120K, 99% used [0x00000000ef100000,0x00000000ef5ffb40,0x00000000ef600000)
  to   space 5120K, 0% used [0x00000000eec00000,0x00000000eec00000,0x00000000ef100000)
 ParOldGen       total 87552K, used 3394K [0x00000000c0000000, 0x00000000c5580000, 0x00000000eab00000)
  object space 87552K, 3% used [0x00000000c0000000,0x00000000c0350b00,0x00000000c5580000)
 Metaspace       used 6109K, capacity 7024K, committed 7296K, reserved 1056768K
  class space    used 594K, capacity 616K, committed 640K, reserved 1048576K
}
Event: 10.469 GC heap before
{Heap before GC invocations=3 (full 0):
 PSYoungGen      total 71680K, used 71678K [0x00000000eab00000, 0x00000000ef600000, 0x0000000100000000)
  eden space 66560K, 100% used [0x00000000eab00000,0x00000000eec00000,0x00000000eec00000)
  from space 5120K, 99% used [0x00000000ef100000,0x00000000ef5ffb40,0x00000000ef600000)
  to   space 5120K, 0% used [0x00000000eec00000,0x00000000eec00000,0x00000000ef100000)
 ParOldGen       total 87552K, used 3394K [0x00000000c0000000, 0x00000000c5580000, 0x00000000eab00000)
  object space 87552K, 3% used [0x00000000c0000000,0x00000000c0350b00,0x00000000c5580000)
 Metaspace       used 6231K, capacity 7152K, committed 7296K, reserved 1056768K
  class space    used 595K, capacity 616K, committed 640K, reserved 1048576K
Event: 10.840 GC heap after
Heap after GC invocations=3 (full 0):
 PSYoungGen      total 71680K, used 5109K [0x00000000eab00000, 0x00000000f3700000, 0x0000000100000000)
  eden space 66560K, 0% used [0x00000000eab00000,0x00000000eab00000,0x00000000eec00000)
  from space 5120K, 99% used [0x00000000eec00000,0x00000000ef0fd4d0,0x00000000ef100000)
  to   space 5120K, 0% used [0x00000000f3200000,0x00000000f3200000,0x00000000f3700000)
 ParOldGen       total 87552K, used 13300K [0x00000000c0000000, 0x00000000c5580000, 0x00000000eab00000)
  object space 87552K, 15% used [0x00000000c0000000,0x00000000c0cfd030,0x00000000c5580000)
 Metaspace       used 6231K, capacity 7152K, committed 7296K, reserved 1056768K
  class space    used 595K, capacity 616K, committed 640K, reserved 1048576K
}
Event: 13.079 GC heap before
{Heap before GC invocations=4 (full 0):
 PSYoungGen      total 71680K, used 71669K [0x00000000eab00000, 0x00000000f3700000, 0x0000000100000000)
  eden space 66560K, 100% used [0x00000000eab00000,0x00000000eec00000,0x00000000eec00000)
  from space 5120K, 99% used [0x00000000eec00000,0x00000000ef0fd4d0,0x00000000ef100000)
  to   space 5120K, 0% used [0x00000000f3200000,0x00000000f3200000,0x00000000f3700000)
 ParOldGen       total 87552K, used 13300K [0x00000000c0000000, 0x00000000c5580000, 0x00000000eab00000)
  object space 87552K, 15% used [0x00000000c0000000,0x00000000c0cfd030,0x00000000c5580000)
 Metaspace       used 6315K, capacity 7152K, committed 7296K, reserved 1056768K
  class space    used 595K, capacity 616K, committed 640K, reserved 1048576K
Event: 13.167 GC heap after
Heap after GC invocations=4 (full 0):
 PSYoungGen      total 138240K, used 5093K [0x00000000eab00000, 0x00000000f3700000, 0x0000000100000000)
  eden space 133120K, 0% used [0x00000000eab00000,0x00000000eab00000,0x00000000f2d00000)
  from space 5120K, 99% used [0x00000000f3200000,0x00000000f36f9730,0x00000000f3700000)
  to   space 5120K, 0% used [0x00000000f2d00000,0x00000000f2d00000,0x00000000f3200000)
 ParOldGen       total 87552K, used 23984K [0x00000000c0000000, 0x00000000c5580000, 0x00000000eab00000)
  object space 87552K, 27% used [0x00000000c0000000,0x00000000c176c010,0x00000000c5580000)
 Metaspace       used 6315K, capacity 7152K, committed 7296K, reserved 1056768K
  class space    used 595K, capacity 616K, committed 640K, reserved 1048576K
}
Event: 20.909 GC heap before
{Heap before GC invocations=5 (full 0):
 PSYoungGen      total 138240K, used 138213K [0x00000000eab00000, 0x00000000f3700000, 0x0000000100000000)
  eden space 133120K, 100% used [0x00000000eab00000,0x00000000f2d00000,0x00000000f2d00000)
  from space 5120K, 99% used [0x00000000f3200000,0x00000000f36f9730,0x00000000f3700000)
  to   space 5120K, 0% used [0x00000000f2d00000,0x00000000f2d00000,0x00000000f3200000)
 ParOldGen       total 87552K, used 23984K [0x00000000c0000000, 0x00000000c5580000, 0x00000000eab00000)
  object space 87552K, 27% used [0x00000000c0000000,0x00000000c176c010,0x00000000c5580000)
 Metaspace       used 6463K, capacity 7256K, committed 7424K, reserved 1056768K
  class space    used 616K, capacity 656K, committed 768K, reserved 1048576K
Event: 21.188 GC heap after
Heap after GC invocations=5 (full 0):
 PSYoungGen      total 138240K, used 5097K [0x00000000eab00000, 0x00000000fe700000, 0x0000000100000000)
  eden space 133120K, 0% used [0x00000000eab00000,0x00000000eab00000,0x00000000f2d00000)
  from space 5120K, 99% used [0x00000000f2d00000,0x00000000f31fa6d8,0x00000000f3200000)
  to   space 28672K, 0% used [0x00000000fcb00000,0x00000000fcb00000,0x00000000fe700000)
 ParOldGen       total 87552K, used 45270K [0x00000000c0000000, 0x00000000c5580000, 0x00000000eab00000)
  object space 87552K, 51% used [0x00000000c0000000,0x00000000c2c35950,0x00000000c5580000)
 Metaspace       used 6463K, capacity 7256K, committed 7424K, reserved 1056768K
  class space    used 616K, capacity 656K, committed 768K, reserved 1048576K
}
Event: 23.730 GC heap before
{Heap before GC invocations=6 (full 0):
 PSYoungGen      total 138240K, used 138217K [0x00000000eab00000, 0x00000000fe700000, 0x0000000100000000)
  eden space 133120K, 100% used [0x00000000eab00000,0x00000000f2d00000,0x00000000f2d00000)
  from space 5120K, 99% used [0x00000000f2d00000,0x00000000f31fa6d8,0x00000000f3200000)
  to   space 28672K, 0% used [0x00000000fcb00000,0x00000000fcb00000,0x00000000fe700000)
 ParOldGen       total 87552K, used 45270K [0x00000000c0000000, 0x00000000c5580000, 0x00000000eab00000)
  object space 87552K, 51% used [0x00000000c0000000,0x00000000c2c35950,0x00000000c5580000)
 Metaspace       used 6477K, capacity 7256K, committed 7424K, reserved 1056768K
  class space    used 616K, capacity 656K, committed 768K, reserved 1048576K
Event: 24.579 GC heap after
Heap after GC invocations=6 (full 0):
 PSYoungGen      total 290304K, used 25682K [0x00000000eab00000, 0x00000000ff000000, 0x0000000100000000)
  eden space 261632K, 0% used [0x00000000eab00000,0x00000000eab00000,0x00000000faa80000)
  from space 28672K, 89% used [0x00000000fcb00000,0x00000000fe414898,0x00000000fe700000)
  to   space 33280K, 0% used [0x00000000faa80000,0x00000000faa80000,0x00000000fcb00000)
 ParOldGen       total 87552K, used 45270K [0x00000000c0000000, 0x00000000c5580000, 0x00000000eab00000)
  object space 87552K, 51% used [0x00000000c0000000,0x00000000c2c35950,0x00000000c5580000)
 Metaspace       used 6477K, capacity 7256K, committed 7424K, reserved 1056768K
  class space    used 616K, capacity 656K, committed 768K, reserved 1048576K
}

Deoptimization events (10 events):
Event: 27.682 Thread 0x0000000002110800 Uncommon trap: reason=class_check action=maybe_recompile pc=0x0000000002f8cab8 method=com.android.dx.dex.code.OutputFinisher.massageInstructions([Lcom/android/dx/dex/code/Dop;)V @ 63
Event: 27.698 Thread 0x0000000002110800 Uncommon trap: reason=class_check action=maybe_recompile pc=0x0000000002f8b060 method=com.android.dx.dex.code.OutputFinisher.massageInstructions([Lcom/android/dx/dex/code/Dop;)V @ 63
Event: 27.887 Thread 0x0000000002110800 Uncommon trap: reason=unstable_if action=reinterpret pc=0x0000000002f3f810 method=com.android.dx.dex.code.LocalList$MakeState.snapshot(ILcom/android/dx/rop/code/RegisterSpecSet;)V @ 86
Event: 28.606 Thread 0x0000000002110800 Uncommon trap: reason=unstable_if action=reinterpret pc=0x0000000002c85018 method=java.util.ArrayList.<init>(I)V @ 5
Event: 29.278 Thread 0x0000000002110800 Uncommon trap: reason=unstable_if action=reinterpret pc=0x000000000277387c method=java.lang.Long.numberOfTrailingZeros(J)I @ 3
Event: 29.509 Thread 0x0000000002110800 Uncommon trap: reason=unstable_if action=reinterpret pc=0x000000000301dc84 method=com.android.dx.util.ByteArrayAnnotatedOutput.writeByte(I)V @ 13
Event: 29.888 Thread 0x0000000002110800 Uncommon trap: reason=unstable_if action=reinterpret pc=0x0000000003074398 method=java.util.Arrays.sort([Ljava/lang/Object;IILjava/util/Comparator;)V @ 1
Event: 29.888 Thread 0x0000000002110800 Uncommon trap: reason=unstable_if action=reinterpret pc=0x0000000003077880 method=java.util.Arrays.sort([Ljava/lang/Object;IILjava/util/Comparator;)V @ 1
Event: 29.913 Thread 0x0000000002110800 Uncommon trap: reason=unstable_if action=reinterpret pc=0x00000000030761b8 method=com.android.dx.util.ByteArrayAnnotatedOutput.writeUleb128(I)I @ 4
Event: 29.913 Thread 0x0000000002110800 Uncommon trap: reason=unstable_if action=reinterpret pc=0x00000000030208c8 method=com.android.dx.util.ByteArrayAnnotatedOutput.writeByte(I)V @ 13

Internal exceptions (7 events):
Event: 1.352 Thread 0x0000000002110800 Exception <a 'java/lang/NoSuchMethodError': Method sun.misc.Unsafe.defineClass(Ljava/lang/String;[BII)Ljava/lang/Class; name or signature does not match> (0x00000000eab12d58) thrown at [C:\re\workspace\8-2-build-windows-amd64-cygwin\jdk8u45\3627\hotspot\srÁ}cK õ?
Event: 1.352 Thread 0x0000000002110800 Exception <a 'java/lang/NoSuchMethodError': Method sun.misc.Unsafe.prefetchRead(Ljava/lang/Object;J)V name or signature does not match> (0x00000000eab12fe8) thrown at [C:\re\workspace\8-2-build-windows-amd64-cygwin\jdk8u45\3627\hotspot\src\share\vm\prims\jé¸y.S@
Event: 5.831 Thread 0x000000001645b800 Implicit null exception at 0x000000000271a6a2 to 0x000000000271a751
Event: 14.651 Thread 0x0000000016446800 Implicit null exception at 0x0000000002906c30 to 0x0000000002907b81
Event: 15.486 Thread 0x000000001645b800 Exception <a 'java/lang/ArrayIndexOutOfBoundsException': 18> (0x00000000efc92ac8) thrown at [C:\re\workspace\8-2-build-windows-amd64-cygwin\jdk8u45\3627\hotspot\src\share\vm\interpreter\interpreterRuntime.cpp, line 366]
Event: 15.486 Thread 0x000000001645b800 Exception <a 'java/lang/ArrayIndexOutOfBoundsException': 145> (0x00000000efc94598) thrown at [C:\re\workspace\8-2-build-windows-amd64-cygwin\jdk8u45\3627\hotspot\src\share\vm\interpreter\interpreterRuntime.cpp, line 366]
Event: 15.487 Thread 0x000000001645b800 Exception <a 'java/lang/ArrayIndexOutOfBoundsException'> (0x00000000efc957d0) thrown at [C:\re\workspace\8-2-build-windows-amd64-cygwin\jdk8u45\3627\hotspot\src\share\vm\runtime\sharedRuntime.cpp, line 605]

Events (10 events):
Event: 29.888 Thread 0x0000000002110800 DEOPT UNPACKING pc=0x000000000235582a sp=0x00000000020ef0f0 mode 2
Event: 29.888 Thread 0x0000000002110800 Uncommon trap: trap_request=0xffffff65 fr.pc=0x0000000003077880
Event: 29.888 Thread 0x0000000002110800 DEOPT PACKING pc=0x0000000003077880 sp=0x00000000020ef110
Event: 29.888 Thread 0x0000000002110800 DEOPT UNPACKING pc=0x000000000235582a sp=0x00000000020ef0d8 mode 2
Event: 29.913 Thread 0x0000000002110800 Uncommon trap: trap_request=0xffffff65 fr.pc=0x00000000030761b8
Event: 29.913 Thread 0x0000000002110800 DEOPT PACKING pc=0x00000000030761b8 sp=0x00000000020ef200
Event: 29.913 Thread 0x0000000002110800 DEOPT UNPACKING pc=0x000000000235582a sp=0x00000000020ef1d0 mode 2
Event: 29.913 Thread 0x0000000002110800 Uncommon trap: trap_request=0xffffff65 fr.pc=0x00000000030208c8
Event: 29.913 Thread 0x0000000002110800 DEOPT PACKING pc=0x00000000030208c8 sp=0x00000000020ef1a0
Event: 29.913 Thread 0x0000000002110800 DEOPT UNPACKING pc=0x000000000235582a sp=0x00000000020ef0f0 mode 2


Dynamic libraries:
0x00007ff7fdc20000 - 0x00007ff7fdc57000 	C:\Program Files\Java\jdk1.8.0_45\bin\java.exe
0x00007ff9b6400000 - 0x00007ff9b65ad000 	C:\Windows\SYSTEM32\ntdll.dll
0x00007ff9b3cc0000 - 0x00007ff9b3dfe000 	C:\Windows\system32\KERNEL32.DLL
0x00007ff9b3810000 - 0x00007ff9b3925000 	C:\Windows\system32\KERNELBASE.dll
0x00007ff9b2100000 - 0x00007ff9b218e000 	C:\Windows\system32\apphelp.dll
0x00007ff9a2670000 - 0x00007ff9a26c3000 	C:\Windows\AppPatch\AppPatch64\AcGenral.DLL
0x00007ff9b3c10000 - 0x00007ff9b3cba000 	C:\Windows\system32\msvcrt.dll
0x00007ff9b3600000 - 0x00007ff9b362e000 	C:\Windows\system32\SspiCli.dll
0x00007ff9b3bb0000 - 0x00007ff9b3c04000 	C:\Windows\system32\SHLWAPI.dll
0x00007ff9b3fa0000 - 0x00007ff9b4117000 	C:\Windows\system32\USER32.dll
0x00007ff9b4430000 - 0x00007ff9b45c4000 	C:\Windows\system32\ole32.dll
0x00007ff9b4ed0000 - 0x00007ff9b63fa000 	C:\Windows\system32\SHELL32.dll
0x00007ff9b2a40000 - 0x00007ff9b2a61000 	C:\Windows\SYSTEM32\USERENV.dll
0x00007ff9b4ca0000 - 0x00007ff9b4d4a000 	C:\Windows\system32\ADVAPI32.dll
0x00007ff9a5f50000 - 0x00007ff9a5f6e000 	C:\Windows\SYSTEM32\MPR.dll
0x00007ff9b4d70000 - 0x00007ff9b4eb0000 	C:\Windows\system32\RPCRT4.dll
0x00007ff9b3b50000 - 0x00007ff9b3ba9000 	C:\Windows\SYSTEM32\sechost.dll
0x00007ff9b4a30000 - 0x00007ff9b4c41000 	C:\Windows\SYSTEM32\combase.dll
0x00007ff9b45d0000 - 0x00007ff9b4720000 	C:\Windows\system32\GDI32.dll
0x00007ff9b3530000 - 0x00007ff9b3545000 	C:\Windows\SYSTEM32\profapi.dll
0x00007ff9b1920000 - 0x00007ff9b19d2000 	C:\Windows\SYSTEM32\SHCORE.dll
0x00007ff9b4c50000 - 0x00007ff9b4c86000 	C:\Windows\system32\IMM32.DLL
0x00007ff9b48d0000 - 0x00007ff9b4a22000 	C:\Windows\system32\MSCTF.dll
0x00007ff9b0d30000 - 0x00007ff9b0fab000 	C:\Windows\WinSxS\amd64_microsoft.windows.common-controls_6595b64144ccf1df_6.0.9600.18006_none_623f33d3ecbe86e8\COMCTL32.dll
0x0000000076ed0000 - 0x0000000076fa2000 	C:\Program Files\Java\jdk1.8.0_45\jre\bin\msvcr100.dll
0x0000000077770000 - 0x0000000077ff3000 	C:\Program Files\Java\jdk1.8.0_45\jre\bin\server\jvm.dll
0x00007ff9a9420000 - 0x00007ff9a9429000 	C:\Windows\SYSTEM32\WSOCK32.dll
0x00007ff9ab170000 - 0x00007ff9ab192000 	C:\Windows\SYSTEM32\WINMM.dll
0x00007ff9b07a0000 - 0x00007ff9b07aa000 	C:\Windows\SYSTEM32\VERSION.dll
0x00007ff9b4ec0000 - 0x00007ff9b4ec7000 	C:\Windows\system32\PSAPI.DLL
0x00007ff9b4120000 - 0x00007ff9b417a000 	C:\Windows\system32\WS2_32.dll
0x00007ff9ab140000 - 0x00007ff9ab16a000 	C:\Windows\SYSTEM32\WINMMBASE.dll
0x00007ff9b3ed0000 - 0x00007ff9b3ed9000 	C:\Windows\system32\NSI.dll
0x00007ff9b3930000 - 0x00007ff9b397f000 	C:\Windows\SYSTEM32\cfgmgr32.dll
0x00007ff9b2380000 - 0x00007ff9b23a8000 	C:\Windows\SYSTEM32\DEVOBJ.dll
0x0000000077760000 - 0x000000007776f000 	C:\Program Files\Java\jdk1.8.0_45\jre\bin\verify.dll
0x0000000077730000 - 0x0000000077759000 	C:\Program Files\Java\jdk1.8.0_45\jre\bin\java.dll
0x0000000077710000 - 0x0000000077726000 	C:\Program Files\Java\jdk1.8.0_45\jre\bin\zip.dll

VM Arguments:
jvm_args: -Djava.awt.headless=true -Xmx1024M -Dfile.encoding=windows-1251 -Duser.country=RU -Duser.language=ru -Duser.variant 
java_command: com.android.dx.command.Main --dex --num-threads=4 --output E:\github\PhotoGallery\app\build\intermediates\pre-dexed\debug\com.android.support-support-v4-23.2.0_622b27ed92b953b32c5f43648648120a0da1ee92.jar E:\github\PhotoGallery\app\build\intermediates\exploded-aar\com.android.support\support-v4\23.2.0\jars\classes.jar
java_class_path (initial): C:\Users\Timur\AppData\Local\Android\sdk\build-tools\23.0.2\lib\dx.jar
Launcher Type: SUN_STANDARD

Environment Variables:
PATH=C:\Program Files (x86)\AMD APP\bin\x86_64;C:\Program Files (x86)\AMD APP\bin\x86;C:\ProgramData\Oracle\Java\javapath;C:\Windows\system32;C:\Windows;C:\Windows\System32\Wbem;C:\Windows\System32\WindowsPowerShell\v1.0\;C:\Program Files (x86)\Windows Kits\8.1\Windows Performance Toolkit\;C:\Program Files\Microsoft SQL Server\110\Tools\Binn\;C:\Program Files (x86)\MiKTeX 2.9\miktex\bin\;C:\Program Files (x86)\sbt\bin;C:\Program Files (x86)\Skype\Phone\;C:\Program Files (x86)\ATI Technologies\ATI.ACE\Core-Static
USERNAME=Timur
OS=Windows_NT
PROCESSOR_IDENTIFIER=AMD64 Family 16 Model 4 Stepping 3, AuthenticAMD



---------------  S Y S T E M  ---------------

OS: Windows 8.1 , 64 bit Build 9600 (6.3.9600.17415)

CPU:total 4 (4 cores per cpu, 1 threads per core) family 16 model 4 stepping 3, cmov, cx8, fxsr, mmx, sse, sse2, sse3, popcnt, mmxext, 3dnowpref, lzcnt, sse4a, tsc, tscinvbit, tscinv

Memory: 4k page, physical 8385972k(469380k free), swap 10283716k(5040k free)

vm_info: Java HotSpot(TM) 64-Bit Server VM (25.45-b02) for windows-amd64 JRE (1.8.0_45-b15), built on Apr 30 2015 12:40:44 by "java_re" with MS VC++ 10.0 (VS2010)

time: Sat Jun 18 09:40:21 2016
elapsed time: 29 seconds (0d 0h 0m 29s)

